Analysis & Synthesis report for Projeto_RST
Fri May 20 22:46:50 2016
Quartus II Version 9.0 Build 235 06/17/2009 Service Pack 2 SJ Web Edition


---------------------
; Table of Contents ;
---------------------
  1. Legal Notice
  2. Analysis & Synthesis Summary
  3. Analysis & Synthesis Settings
  4. Analysis & Synthesis Source Files Read
  5. Analysis & Synthesis Resource Usage Summary
  6. Analysis & Synthesis Resource Utilization by Entity
  7. State Machine - |Projeto_RST|compfase2:inst26|fstate
  8. State Machine - |Projeto_RST|UCF:inst11|fstate
  9. General Register Statistics
 10. Source assignments for GeradorRST:inst25|lpm_counter0:inst7|lpm_counter:lpm_counter_component
 11. Source assignments for lpm_counter1:inst3|lpm_counter:lpm_counter_component
 12. Source assignments for lpm_counter3:inst19|lpm_counter:lpm_counter_component
 13. Source assignments for lpm_counter2:inst18|lpm_counter:lpm_counter_component
 14. Source assignments for lpm_counter4:inst20|lpm_counter:lpm_counter_component
 15. Parameter Settings for User Entity Instance: lpm_compare0:inst5|lpm_compare:lpm_compare_component
 16. Parameter Settings for User Entity Instance: lpm_clshift0:inst2|lpm_clshift:lpm_clshift_component
 17. Parameter Settings for User Entity Instance: lpm_dff0:inst6|lpm_ff:lpm_ff_component
 18. Parameter Settings for User Entity Instance: GeradorRST:inst25|lpm_counter0:inst7|lpm_counter:lpm_counter_component
 19. Parameter Settings for User Entity Instance: lpm_compare0:inst4|lpm_compare:lpm_compare_component
 20. Parameter Settings for User Entity Instance: lpm_counter1:inst3|lpm_counter:lpm_counter_component
 21. Parameter Settings for User Entity Instance: lpm_dff1:inst15|lpm_ff:lpm_ff_component
 22. Parameter Settings for User Entity Instance: lpm_compare1:inst23|lpm_compare:lpm_compare_component
 23. Parameter Settings for User Entity Instance: lpm_dff2:inst22|lpm_ff:lpm_ff_component
 24. Parameter Settings for User Entity Instance: lpm_counter3:inst19|lpm_counter:lpm_counter_component
 25. Parameter Settings for User Entity Instance: lpm_counter2:inst18|lpm_counter:lpm_counter_component
 26. Parameter Settings for User Entity Instance: lpm_counter4:inst20|lpm_counter:lpm_counter_component
 27. Analysis & Synthesis Messages



----------------
; Legal Notice ;
----------------
Copyright (C) 1991-2009 Altera Corporation
Your use of Altera Corporation's design tools, logic functions 
and other software and tools, and its AMPP partner logic 
functions, and any output files from any of the foregoing 
(including device programming or simulation files), and any 
associated documentation or information are expressly subject 
to the terms and conditions of the Altera Program License 
Subscription Agreement, Altera MegaCore Function License 
Agreement, or other applicable license agreement, including, 
without limitation, that your use is for the sole purpose of 
programming logic devices manufactured by Altera and sold by 
Altera or its authorized distributors.  Please refer to the 
applicable agreement for further details.



+----------------------------------------------------------------------------+
; Analysis & Synthesis Summary                                               ;
+-----------------------------+----------------------------------------------+
; Analysis & Synthesis Status ; Successful - Fri May 20 22:46:50 2016        ;
; Quartus II Version          ; 9.0 Build 235 06/17/2009 SP 2 SJ Web Edition ;
; Revision Name               ; Projeto_RST                                  ;
; Top-level Entity Name       ; Projeto_RST                                  ;
; Family                      ; FLEX10K                                      ;
; Total logic elements        ; 220                                          ;
; Total pins                  ; 32                                           ;
; Total memory bits           ; 0                                            ;
+-----------------------------+----------------------------------------------+


+------------------------------------------------------------------------------------------------+
; Analysis & Synthesis Settings                                                                  ;
+--------------------------------------------------------------+-----------------+---------------+
; Option                                                       ; Setting         ; Default Value ;
+--------------------------------------------------------------+-----------------+---------------+
; Device                                                       ; EPF10K20RC240-4 ;               ;
; Top-level entity name                                        ; Projeto_RST     ; Projeto_RST   ;
; Family name                                                  ; FLEX10K         ; Stratix II    ;
; Use Generated Physical Constraints File                      ; Off             ;               ;
; Use smart compilation                                        ; Off             ; Off           ;
; Create Debugging Nodes for IP Cores                          ; Off             ; Off           ;
; Preserve fewer node names                                    ; On              ; On            ;
; Disable OpenCore Plus hardware evaluation                    ; Off             ; Off           ;
; Verilog Version                                              ; Verilog_2001    ; Verilog_2001  ;
; VHDL Version                                                 ; VHDL93          ; VHDL93        ;
; State Machine Processing                                     ; Auto            ; Auto          ;
; Safe State Machine                                           ; Off             ; Off           ;
; Extract Verilog State Machines                               ; On              ; On            ;
; Extract VHDL State Machines                                  ; On              ; On            ;
; Ignore Verilog initial constructs                            ; Off             ; Off           ;
; Iteration limit for constant Verilog loops                   ; 5000            ; 5000          ;
; Iteration limit for non-constant Verilog loops               ; 250             ; 250           ;
; Add Pass-Through Logic to Inferred RAMs                      ; On              ; On            ;
; Parallel Synthesis                                           ; Off             ; Off           ;
; NOT Gate Push-Back                                           ; On              ; On            ;
; Power-Up Don't Care                                          ; On              ; On            ;
; Remove Redundant Logic Cells                                 ; Off             ; Off           ;
; Remove Duplicate Registers                                   ; On              ; On            ;
; Ignore CARRY Buffers                                         ; Off             ; Off           ;
; Ignore CASCADE Buffers                                       ; Off             ; Off           ;
; Ignore GLOBAL Buffers                                        ; Off             ; Off           ;
; Ignore ROW GLOBAL Buffers                                    ; Off             ; Off           ;
; Ignore LCELL Buffers                                         ; Off             ; Off           ;
; Ignore SOFT Buffers                                          ; On              ; On            ;
; Limit AHDL Integers to 32 Bits                               ; Off             ; Off           ;
; Auto Implement in ROM                                        ; Off             ; Off           ;
; Optimization Technique                                       ; Area            ; Area          ;
; Carry Chain Length                                           ; 32              ; 32            ;
; Cascade Chain Length                                         ; 2               ; 2             ;
; Auto Carry Chains                                            ; On              ; On            ;
; Auto Open-Drain Pins                                         ; On              ; On            ;
; Auto ROM Replacement                                         ; On              ; On            ;
; Auto RAM Replacement                                         ; On              ; On            ;
; Auto Clock Enable Replacement                                ; On              ; On            ;
; Strict RAM Replacement                                       ; Off             ; Off           ;
; Auto Resource Sharing                                        ; Off             ; Off           ;
; Allow Any RAM Size For Recognition                           ; Off             ; Off           ;
; Allow Any ROM Size For Recognition                           ; Off             ; Off           ;
; Use LogicLock Constraints during Resource Balancing          ; On              ; On            ;
; Ignore translate_off and synthesis_off directives            ; Off             ; Off           ;
; Show Parameter Settings Tables in Synthesis Report           ; On              ; On            ;
; HDL message level                                            ; Level2          ; Level2        ;
; Suppress Register Optimization Related Messages              ; Off             ; Off           ;
; Number of Removed Registers Reported in Synthesis Report     ; 100             ; 100           ;
; Number of Inverted Registers Reported in Synthesis Report    ; 100             ; 100           ;
; Block Design Naming                                          ; Auto            ; Auto          ;
; Synthesis Effort                                             ; Auto            ; Auto          ;
; Shift Register Replacement - Allow Asynchronous Clear Signal ; On              ; On            ;
; Analysis & Synthesis Message Level                           ; Medium          ; Medium        ;
+--------------------------------------------------------------+-----------------+---------------+


+-------------------------------------------------------------------------------------------------------------------------------------------------------------------+
; Analysis & Synthesis Source Files Read                                                                                                                            ;
+----------------------------------+-----------------+------------------------------------+-------------------------------------------------------------------------+
; File Name with User-Entered Path ; Used in Netlist ; File Type                          ; File Name with Absolute Path                                            ;
+----------------------------------+-----------------+------------------------------------+-------------------------------------------------------------------------+
; lpm_counter0.vhd                 ; yes             ; User Wizard-Generated File         ; D:/Microprocessadores I/Final_Project/Micro g1/lpm_counter0.vhd         ;
; Projeto_RST.bdf                  ; yes             ; User Block Diagram/Schematic File  ; D:/Microprocessadores I/Final_Project/Micro g1/Projeto_RST.bdf          ;
; X2.bdf                           ; yes             ; User Block Diagram/Schematic File  ; D:/Microprocessadores I/Final_Project/Micro g1/X2.bdf                   ;
; lpm_counter1.vhd                 ; yes             ; User Wizard-Generated File         ; D:/Microprocessadores I/Final_Project/Micro g1/lpm_counter1.vhd         ;
; lpm_compare0.vhd                 ; yes             ; User Wizard-Generated File         ; D:/Microprocessadores I/Final_Project/Micro g1/lpm_compare0.vhd         ;
; lpm_dff0.vhd                     ; yes             ; User Wizard-Generated File         ; D:/Microprocessadores I/Final_Project/Micro g1/lpm_dff0.vhd             ;
; lpm_clshift0.vhd                 ; yes             ; User Wizard-Generated File         ; D:/Microprocessadores I/Final_Project/Micro g1/lpm_clshift0.vhd         ;
; GeradorRST.bdf                   ; yes             ; User Block Diagram/Schematic File  ; D:/Microprocessadores I/Final_Project/Micro g1/GeradorRST.bdf           ;
; lpm_dff1.vhd                     ; yes             ; User Wizard-Generated File         ; D:/Microprocessadores I/Final_Project/Micro g1/lpm_dff1.vhd             ;
; lpm_counter2.vhd                 ; yes             ; User Wizard-Generated File         ; D:/Microprocessadores I/Final_Project/Micro g1/lpm_counter2.vhd         ;
; lpm_counter3.vhd                 ; yes             ; User Wizard-Generated File         ; D:/Microprocessadores I/Final_Project/Micro g1/lpm_counter3.vhd         ;
; lpm_counter4.vhd                 ; yes             ; User Wizard-Generated File         ; D:/Microprocessadores I/Final_Project/Micro g1/lpm_counter4.vhd         ;
; lpm_dff2.vhd                     ; yes             ; User Wizard-Generated File         ; D:/Microprocessadores I/Final_Project/Micro g1/lpm_dff2.vhd             ;
; lpm_compare1.vhd                 ; yes             ; User Wizard-Generated File         ; D:/Microprocessadores I/Final_Project/Micro g1/lpm_compare1.vhd         ;
; compfase2.vhd                    ; yes             ; User VHDL File                     ; D:/Microprocessadores I/Final_Project/Micro g1/compfase2.vhd            ;
; ledsaida.vhd                     ; yes             ; User VHDL File                     ; D:/Microprocessadores I/Final_Project/Micro g1/ledsaida.vhd             ;
; lpm_compare.tdf                  ; yes             ; Megafunction                       ; c:/altera/90sp2/quartus/libraries/megafunctions/lpm_compare.tdf         ;
; comptree.inc                     ; yes             ; Megafunction                       ; c:/altera/90sp2/quartus/libraries/megafunctions/comptree.inc            ;
; altshift.inc                     ; yes             ; Megafunction                       ; c:/altera/90sp2/quartus/libraries/megafunctions/altshift.inc            ;
; aglobal90.inc                    ; yes             ; Megafunction                       ; c:/altera/90sp2/quartus/libraries/megafunctions/aglobal90.inc           ;
; comptree.tdf                     ; yes             ; Megafunction                       ; c:/altera/90sp2/quartus/libraries/megafunctions/comptree.tdf            ;
; cmpchain.inc                     ; yes             ; Megafunction                       ; c:/altera/90sp2/quartus/libraries/megafunctions/cmpchain.inc            ;
; lpm_constant.inc                 ; yes             ; Megafunction                       ; c:/altera/90sp2/quartus/libraries/megafunctions/lpm_constant.inc        ;
; cmpchain.tdf                     ; yes             ; Megafunction                       ; c:/altera/90sp2/quartus/libraries/megafunctions/cmpchain.tdf            ;
; altshift.tdf                     ; yes             ; Megafunction                       ; c:/altera/90sp2/quartus/libraries/megafunctions/altshift.tdf            ;
; lpm_clshift.tdf                  ; yes             ; Megafunction                       ; c:/altera/90sp2/quartus/libraries/megafunctions/lpm_clshift.tdf         ;
; db/lpm_clshift_ojc.tdf           ; yes             ; Auto-Generated Megafunction        ; D:/Microprocessadores I/Final_Project/Micro g1/db/lpm_clshift_ojc.tdf   ;
; lpm_ff.tdf                       ; yes             ; Megafunction                       ; c:/altera/90sp2/quartus/libraries/megafunctions/lpm_ff.tdf              ;
; UCF.vhd                          ; yes             ; Auto-Found VHDL File               ; D:/Microprocessadores I/Final_Project/Micro g1/UCF.vhd                  ;
; lpm_counter.tdf                  ; yes             ; Megafunction                       ; c:/altera/90sp2/quartus/libraries/megafunctions/lpm_counter.tdf         ;
; lpm_decode.inc                   ; yes             ; Megafunction                       ; c:/altera/90sp2/quartus/libraries/megafunctions/lpm_decode.inc          ;
; lpm_add_sub.inc                  ; yes             ; Megafunction                       ; c:/altera/90sp2/quartus/libraries/megafunctions/lpm_add_sub.inc         ;
; cmpconst.inc                     ; yes             ; Megafunction                       ; c:/altera/90sp2/quartus/libraries/megafunctions/cmpconst.inc            ;
; lpm_compare.inc                  ; yes             ; Megafunction                       ; c:/altera/90sp2/quartus/libraries/megafunctions/lpm_compare.inc         ;
; lpm_counter.inc                  ; yes             ; Megafunction                       ; c:/altera/90sp2/quartus/libraries/megafunctions/lpm_counter.inc         ;
; dffeea.inc                       ; yes             ; Megafunction                       ; c:/altera/90sp2/quartus/libraries/megafunctions/dffeea.inc              ;
; alt_synch_counter.inc            ; yes             ; Megafunction                       ; c:/altera/90sp2/quartus/libraries/megafunctions/alt_synch_counter.inc   ;
; alt_synch_counter_f.inc          ; yes             ; Megafunction                       ; c:/altera/90sp2/quartus/libraries/megafunctions/alt_synch_counter_f.inc ;
; alt_counter_f10ke.inc            ; yes             ; Megafunction                       ; c:/altera/90sp2/quartus/libraries/megafunctions/alt_counter_f10ke.inc   ;
; alt_counter_stratix.inc          ; yes             ; Megafunction                       ; c:/altera/90sp2/quartus/libraries/megafunctions/alt_counter_stratix.inc ;
; alt_counter_f10ke.tdf            ; yes             ; Megafunction                       ; c:/altera/90sp2/quartus/libraries/megafunctions/alt_counter_f10ke.tdf   ;
; flex10ke_lcell.inc               ; yes             ; Megafunction                       ; c:/altera/90sp2/quartus/libraries/megafunctions/flex10ke_lcell.inc      ;
; lpm_constant.tdf                 ; yes             ; Megafunction                       ; c:/altera/90sp2/quartus/libraries/megafunctions/lpm_constant.tdf        ;
+----------------------------------+-----------------+------------------------------------+-------------------------------------------------------------------------+


+---------------------------------------------+
; Analysis & Synthesis Resource Usage Summary ;
+-----------------------------------+---------+
; Resource                          ; Usage   ;
+-----------------------------------+---------+
; Total logic elements              ; 220     ;
; Total combinational functions     ; 176     ;
;     -- Total 4-input functions    ; 14      ;
;     -- Total 3-input functions    ; 15      ;
;     -- Total 2-input functions    ; 60      ;
;     -- Total 1-input functions    ; 50      ;
;     -- Total 0-input functions    ; 37      ;
; Total registers                   ; 141     ;
; Total logic cells in carry chains ; 141     ;
; I/O pins                          ; 32      ;
; Maximum fan-out node              ; CK      ;
; Maximum fan-out                   ; 71      ;
; Total fan-out                     ; 672     ;
; Average fan-out                   ; 2.67    ;
+-----------------------------------+---------+


+--------------------------------------------------------------------------------------------------------------------------------------------------------------------------------------------------------------------------------------------------------------------------------------------------------------------------------------------------------------------------------------------------------------------------------------------+
; Analysis & Synthesis Resource Utilization by Entity                                                                                                                                                                                                                                                                                                                                                                                        ;
+----------------------------------------------------+-------------+--------------+-------------+------+--------------+-------------------+------------------+-----------------+------------+---------------------------------------------------------------------------------------------------------------------------------------------------------------------------------------------------------------------------------+--------------+
; Compilation Hierarchy Node                         ; Logic Cells ; LC Registers ; Memory Bits ; Pins ; LUT-Only LCs ; Register-Only LCs ; LUT/Register LCs ; Carry Chain LCs ; Packed LCs ; Full Hierarchy Name                                                                                                                                                                                                             ; Library Name ;
+----------------------------------------------------+-------------+--------------+-------------+------+--------------+-------------------+------------------+-----------------+------------+---------------------------------------------------------------------------------------------------------------------------------------------------------------------------------------------------------------------------------+--------------+
; |Projeto_RST                                       ; 220 (5)     ; 141          ; 0           ; 32   ; 79 (3)       ; 44 (1)            ; 97 (1)           ; 141 (0)         ; 0 (0)      ; |Projeto_RST                                                                                                                                                                                                                    ; work         ;
;    |GeradorRST:inst25|                             ; 26 (4)      ; 20           ; 0           ; 0    ; 6 (0)        ; 2 (2)             ; 18 (2)           ; 17 (0)          ; 0 (0)      ; |Projeto_RST|GeradorRST:inst25                                                                                                                                                                                                  ; work         ;
;       |lpm_counter0:inst7|                         ; 22 (0)      ; 16           ; 0           ; 0    ; 6 (0)        ; 0 (0)             ; 16 (0)           ; 17 (0)          ; 0 (0)      ; |Projeto_RST|GeradorRST:inst25|lpm_counter0:inst7                                                                                                                                                                               ; work         ;
;          |lpm_counter:lpm_counter_component|       ; 22 (0)      ; 16           ; 0           ; 0    ; 6 (0)        ; 0 (0)             ; 16 (0)           ; 17 (0)          ; 0 (0)      ; |Projeto_RST|GeradorRST:inst25|lpm_counter0:inst7|lpm_counter:lpm_counter_component                                                                                                                                             ; work         ;
;             |alt_counter_f10ke:wysi_counter|       ; 22 (17)     ; 16           ; 0           ; 0    ; 6 (1)        ; 0 (0)             ; 16 (16)          ; 17 (17)         ; 0 (0)      ; |Projeto_RST|GeradorRST:inst25|lpm_counter0:inst7|lpm_counter:lpm_counter_component|alt_counter_f10ke:wysi_counter                                                                                                              ; work         ;
;                |lpm_compare:$00023|                ; 5 (0)       ; 0            ; 0           ; 0    ; 5 (0)        ; 0 (0)             ; 0 (0)            ; 0 (0)           ; 0 (0)      ; |Projeto_RST|GeradorRST:inst25|lpm_counter0:inst7|lpm_counter:lpm_counter_component|alt_counter_f10ke:wysi_counter|lpm_compare:$00023                                                                                           ; work         ;
;                   |comptree:comparator|            ; 5 (0)       ; 0            ; 0           ; 0    ; 5 (0)        ; 0 (0)             ; 0 (0)            ; 0 (0)           ; 0 (0)      ; |Projeto_RST|GeradorRST:inst25|lpm_counter0:inst7|lpm_counter:lpm_counter_component|alt_counter_f10ke:wysi_counter|lpm_compare:$00023|comptree:comparator                                                                       ; work         ;
;                      |cmpchain:cmp_end|            ; 5 (0)       ; 0            ; 0           ; 0    ; 5 (0)        ; 0 (0)             ; 0 (0)            ; 0 (0)           ; 0 (0)      ; |Projeto_RST|GeradorRST:inst25|lpm_counter0:inst7|lpm_counter:lpm_counter_component|alt_counter_f10ke:wysi_counter|lpm_compare:$00023|comptree:comparator|cmpchain:cmp_end                                                      ; work         ;
;                         |comptree:comp|            ; 5 (0)       ; 0            ; 0           ; 0    ; 5 (0)        ; 0 (0)             ; 0 (0)            ; 0 (0)           ; 0 (0)      ; |Projeto_RST|GeradorRST:inst25|lpm_counter0:inst7|lpm_counter:lpm_counter_component|alt_counter_f10ke:wysi_counter|lpm_compare:$00023|comptree:comparator|cmpchain:cmp_end|comptree:comp                                        ; work         ;
;                            |cmpchain:cmp[0]|       ; 1 (1)       ; 0            ; 0           ; 0    ; 1 (1)        ; 0 (0)             ; 0 (0)            ; 0 (0)           ; 0 (0)      ; |Projeto_RST|GeradorRST:inst25|lpm_counter0:inst7|lpm_counter:lpm_counter_component|alt_counter_f10ke:wysi_counter|lpm_compare:$00023|comptree:comparator|cmpchain:cmp_end|comptree:comp|cmpchain:cmp[0]                        ; work         ;
;                            |cmpchain:cmp[1]|       ; 1 (1)       ; 0            ; 0           ; 0    ; 1 (1)        ; 0 (0)             ; 0 (0)            ; 0 (0)           ; 0 (0)      ; |Projeto_RST|GeradorRST:inst25|lpm_counter0:inst7|lpm_counter:lpm_counter_component|alt_counter_f10ke:wysi_counter|lpm_compare:$00023|comptree:comparator|cmpchain:cmp_end|comptree:comp|cmpchain:cmp[1]                        ; work         ;
;                            |cmpchain:cmp[2]|       ; 1 (1)       ; 0            ; 0           ; 0    ; 1 (1)        ; 0 (0)             ; 0 (0)            ; 0 (0)           ; 0 (0)      ; |Projeto_RST|GeradorRST:inst25|lpm_counter0:inst7|lpm_counter:lpm_counter_component|alt_counter_f10ke:wysi_counter|lpm_compare:$00023|comptree:comparator|cmpchain:cmp_end|comptree:comp|cmpchain:cmp[2]                        ; work         ;
;                            |cmpchain:cmp[3]|       ; 1 (1)       ; 0            ; 0           ; 0    ; 1 (1)        ; 0 (0)             ; 0 (0)            ; 0 (0)           ; 0 (0)      ; |Projeto_RST|GeradorRST:inst25|lpm_counter0:inst7|lpm_counter:lpm_counter_component|alt_counter_f10ke:wysi_counter|lpm_compare:$00023|comptree:comparator|cmpchain:cmp_end|comptree:comp|cmpchain:cmp[3]                        ; work         ;
;                            |comptree:sub_comptree| ; 1 (0)       ; 0            ; 0           ; 0    ; 1 (0)        ; 0 (0)             ; 0 (0)            ; 0 (0)           ; 0 (0)      ; |Projeto_RST|GeradorRST:inst25|lpm_counter0:inst7|lpm_counter:lpm_counter_component|alt_counter_f10ke:wysi_counter|lpm_compare:$00023|comptree:comparator|cmpchain:cmp_end|comptree:comp|comptree:sub_comptree                  ; work         ;
;                               |cmpchain:cmp_end|   ; 1 (1)       ; 0            ; 0           ; 0    ; 1 (1)        ; 0 (0)             ; 0 (0)            ; 0 (0)           ; 0 (0)      ; |Projeto_RST|GeradorRST:inst25|lpm_counter0:inst7|lpm_counter:lpm_counter_component|alt_counter_f10ke:wysi_counter|lpm_compare:$00023|comptree:comparator|cmpchain:cmp_end|comptree:comp|comptree:sub_comptree|cmpchain:cmp_end ; work         ;
;    |UCF:inst11|                                    ; 11 (11)     ; 10           ; 0           ; 0    ; 1 (1)        ; 0 (0)             ; 10 (10)          ; 0 (0)           ; 0 (0)      ; |Projeto_RST|UCF:inst11                                                                                                                                                                                                         ; work         ;
;    |compfase2:inst26|                              ; 3 (3)       ; 3            ; 0           ; 0    ; 0 (0)        ; 1 (1)             ; 2 (2)            ; 0 (0)           ; 0 (0)      ; |Projeto_RST|compfase2:inst26                                                                                                                                                                                                   ; work         ;
;    |ledSaida:inst27|                               ; 6 (6)       ; 0            ; 0           ; 0    ; 6 (6)        ; 0 (0)             ; 0 (0)            ; 0 (0)           ; 0 (0)      ; |Projeto_RST|ledSaida:inst27                                                                                                                                                                                                    ; work         ;
;    |lpm_compare0:inst4|                            ; 20 (0)      ; 0            ; 0           ; 0    ; 20 (0)       ; 0 (0)             ; 0 (0)            ; 20 (0)          ; 0 (0)      ; |Projeto_RST|lpm_compare0:inst4                                                                                                                                                                                                 ; work         ;
;       |lpm_compare:lpm_compare_component|          ; 20 (0)      ; 0            ; 0           ; 0    ; 20 (0)       ; 0 (0)             ; 0 (0)            ; 20 (0)          ; 0 (0)      ; |Projeto_RST|lpm_compare0:inst4|lpm_compare:lpm_compare_component                                                                                                                                                               ; work         ;
;          |comptree:comparator|                     ; 20 (0)      ; 0            ; 0           ; 0    ; 20 (0)       ; 0 (0)             ; 0 (0)            ; 20 (0)          ; 0 (0)      ; |Projeto_RST|lpm_compare0:inst4|lpm_compare:lpm_compare_component|comptree:comparator                                                                                                                                           ; work         ;
;             |cmpchain:cmp_end|                     ; 20 (20)     ; 0            ; 0           ; 0    ; 20 (20)      ; 0 (0)             ; 0 (0)            ; 20 (20)         ; 0 (0)      ; |Projeto_RST|lpm_compare0:inst4|lpm_compare:lpm_compare_component|comptree:comparator|cmpchain:cmp_end                                                                                                                          ; work         ;
;    |lpm_compare0:inst5|                            ; 20 (0)      ; 0            ; 0           ; 0    ; 20 (0)       ; 0 (0)             ; 0 (0)            ; 20 (0)          ; 0 (0)      ; |Projeto_RST|lpm_compare0:inst5                                                                                                                                                                                                 ; work         ;
;       |lpm_compare:lpm_compare_component|          ; 20 (0)      ; 0            ; 0           ; 0    ; 20 (0)       ; 0 (0)             ; 0 (0)            ; 20 (0)          ; 0 (0)      ; |Projeto_RST|lpm_compare0:inst5|lpm_compare:lpm_compare_component                                                                                                                                                               ; work         ;
;          |comptree:comparator|                     ; 20 (0)      ; 0            ; 0           ; 0    ; 20 (0)       ; 0 (0)             ; 0 (0)            ; 20 (0)          ; 0 (0)      ; |Projeto_RST|lpm_compare0:inst5|lpm_compare:lpm_compare_component|comptree:comparator                                                                                                                                           ; work         ;
;             |cmpchain:cmp_end|                     ; 20 (20)     ; 0            ; 0           ; 0    ; 20 (20)      ; 0 (0)             ; 0 (0)            ; 20 (20)         ; 0 (0)      ; |Projeto_RST|lpm_compare0:inst5|lpm_compare:lpm_compare_component|comptree:comparator|cmpchain:cmp_end                                                                                                                          ; work         ;
;    |lpm_compare1:inst23|                           ; 20 (0)      ; 0            ; 0           ; 0    ; 20 (0)       ; 0 (0)             ; 0 (0)            ; 20 (0)          ; 0 (0)      ; |Projeto_RST|lpm_compare1:inst23                                                                                                                                                                                                ; work         ;
;       |lpm_compare:lpm_compare_component|          ; 20 (0)      ; 0            ; 0           ; 0    ; 20 (0)       ; 0 (0)             ; 0 (0)            ; 20 (0)          ; 0 (0)      ; |Projeto_RST|lpm_compare1:inst23|lpm_compare:lpm_compare_component                                                                                                                                                              ; work         ;
;          |comptree:comparator|                     ; 20 (0)      ; 0            ; 0           ; 0    ; 20 (0)       ; 0 (0)             ; 0 (0)            ; 20 (0)          ; 0 (0)      ; |Projeto_RST|lpm_compare1:inst23|lpm_compare:lpm_compare_component|comptree:comparator                                                                                                                                          ; work         ;
;             |cmpchain:cmp_end|                     ; 20 (20)     ; 0            ; 0           ; 0    ; 20 (20)      ; 0 (0)             ; 0 (0)            ; 20 (20)         ; 0 (0)      ; |Projeto_RST|lpm_compare1:inst23|lpm_compare:lpm_compare_component|comptree:comparator|cmpchain:cmp_end                                                                                                                         ; work         ;
;    |lpm_counter1:inst3|                            ; 20 (0)      ; 20           ; 0           ; 0    ; 0 (0)        ; 0 (0)             ; 20 (0)           ; 20 (0)          ; 0 (0)      ; |Projeto_RST|lpm_counter1:inst3                                                                                                                                                                                                 ; work         ;
;       |lpm_counter:lpm_counter_component|          ; 20 (0)      ; 20           ; 0           ; 0    ; 0 (0)        ; 0 (0)             ; 20 (0)           ; 20 (0)          ; 0 (0)      ; |Projeto_RST|lpm_counter1:inst3|lpm_counter:lpm_counter_component                                                                                                                                                               ; work         ;
;          |alt_counter_f10ke:wysi_counter|          ; 20 (20)     ; 20           ; 0           ; 0    ; 0 (0)        ; 0 (0)             ; 20 (20)          ; 20 (20)         ; 0 (0)      ; |Projeto_RST|lpm_counter1:inst3|lpm_counter:lpm_counter_component|alt_counter_f10ke:wysi_counter                                                                                                                                ; work         ;
;    |lpm_counter2:inst18|                           ; 6 (0)       ; 3            ; 0           ; 0    ; 3 (0)        ; 0 (0)             ; 3 (0)            ; 4 (0)           ; 0 (0)      ; |Projeto_RST|lpm_counter2:inst18                                                                                                                                                                                                ; work         ;
;       |lpm_counter:lpm_counter_component|          ; 6 (0)       ; 3            ; 0           ; 0    ; 3 (0)        ; 0 (0)             ; 3 (0)            ; 4 (0)           ; 0 (0)      ; |Projeto_RST|lpm_counter2:inst18|lpm_counter:lpm_counter_component                                                                                                                                                              ; work         ;
;          |alt_counter_f10ke:wysi_counter|          ; 6 (5)       ; 3            ; 0           ; 0    ; 3 (2)        ; 0 (0)             ; 3 (3)            ; 4 (4)           ; 0 (0)      ; |Projeto_RST|lpm_counter2:inst18|lpm_counter:lpm_counter_component|alt_counter_f10ke:wysi_counter                                                                                                                               ; work         ;
;             |lpm_compare:$00010|                   ; 1 (0)       ; 0            ; 0           ; 0    ; 1 (0)        ; 0 (0)             ; 0 (0)            ; 0 (0)           ; 0 (0)      ; |Projeto_RST|lpm_counter2:inst18|lpm_counter:lpm_counter_component|alt_counter_f10ke:wysi_counter|lpm_compare:$00010                                                                                                            ; work         ;
;                |comptree:comparator|               ; 1 (0)       ; 0            ; 0           ; 0    ; 1 (0)        ; 0 (0)             ; 0 (0)            ; 0 (0)           ; 0 (0)      ; |Projeto_RST|lpm_counter2:inst18|lpm_counter:lpm_counter_component|alt_counter_f10ke:wysi_counter|lpm_compare:$00010|comptree:comparator                                                                                        ; work         ;
;                   |cmpchain:cmp_end|               ; 1 (1)       ; 0            ; 0           ; 0    ; 1 (1)        ; 0 (0)             ; 0 (0)            ; 0 (0)           ; 0 (0)      ; |Projeto_RST|lpm_counter2:inst18|lpm_counter:lpm_counter_component|alt_counter_f10ke:wysi_counter|lpm_compare:$00010|comptree:comparator|cmpchain:cmp_end                                                                       ; work         ;
;    |lpm_counter3:inst19|                           ; 20 (0)      ; 20           ; 0           ; 0    ; 0 (0)        ; 0 (0)             ; 20 (0)           ; 20 (0)          ; 0 (0)      ; |Projeto_RST|lpm_counter3:inst19                                                                                                                                                                                                ; work         ;
;       |lpm_counter:lpm_counter_component|          ; 20 (0)      ; 20           ; 0           ; 0    ; 0 (0)        ; 0 (0)             ; 20 (0)           ; 20 (0)          ; 0 (0)      ; |Projeto_RST|lpm_counter3:inst19|lpm_counter:lpm_counter_component                                                                                                                                                              ; work         ;
;          |alt_counter_f10ke:wysi_counter|          ; 20 (20)     ; 20           ; 0           ; 0    ; 0 (0)        ; 0 (0)             ; 20 (20)          ; 20 (20)         ; 0 (0)      ; |Projeto_RST|lpm_counter3:inst19|lpm_counter:lpm_counter_component|alt_counter_f10ke:wysi_counter                                                                                                                               ; work         ;
;    |lpm_counter4:inst20|                           ; 20 (0)      ; 20           ; 0           ; 0    ; 0 (0)        ; 0 (0)             ; 20 (0)           ; 20 (0)          ; 0 (0)      ; |Projeto_RST|lpm_counter4:inst20                                                                                                                                                                                                ; work         ;
;       |lpm_counter:lpm_counter_component|          ; 20 (0)      ; 20           ; 0           ; 0    ; 0 (0)        ; 0 (0)             ; 20 (0)           ; 20 (0)          ; 0 (0)      ; |Projeto_RST|lpm_counter4:inst20|lpm_counter:lpm_counter_component                                                                                                                                                              ; work         ;
;          |alt_counter_f10ke:wysi_counter|          ; 20 (20)     ; 20           ; 0           ; 0    ; 0 (0)        ; 0 (0)             ; 20 (20)          ; 20 (20)         ; 0 (0)      ; |Projeto_RST|lpm_counter4:inst20|lpm_counter:lpm_counter_component|alt_counter_f10ke:wysi_counter                                                                                                                               ; work         ;
;    |lpm_dff0:inst6|                                ; 20 (0)      ; 20           ; 0           ; 0    ; 0 (0)        ; 20 (0)            ; 0 (0)            ; 0 (0)           ; 0 (0)      ; |Projeto_RST|lpm_dff0:inst6                                                                                                                                                                                                     ; work         ;
;       |lpm_ff:lpm_ff_component|                    ; 20 (20)     ; 20           ; 0           ; 0    ; 0 (0)        ; 20 (20)           ; 0 (0)            ; 0 (0)           ; 0 (0)      ; |Projeto_RST|lpm_dff0:inst6|lpm_ff:lpm_ff_component                                                                                                                                                                             ; work         ;
;    |lpm_dff1:inst15|                               ; 3 (0)       ; 3            ; 0           ; 0    ; 0 (0)        ; 0 (0)             ; 3 (0)            ; 0 (0)           ; 0 (0)      ; |Projeto_RST|lpm_dff1:inst15                                                                                                                                                                                                    ; work         ;
;       |lpm_ff:lpm_ff_component|                    ; 3 (3)       ; 3            ; 0           ; 0    ; 0 (0)        ; 0 (0)             ; 3 (3)            ; 0 (0)           ; 0 (0)      ; |Projeto_RST|lpm_dff1:inst15|lpm_ff:lpm_ff_component                                                                                                                                                                            ; work         ;
;    |lpm_dff2:inst22|                               ; 20 (0)      ; 20           ; 0           ; 0    ; 0 (0)        ; 20 (0)            ; 0 (0)            ; 0 (0)           ; 0 (0)      ; |Projeto_RST|lpm_dff2:inst22                                                                                                                                                                                                    ; work         ;
;       |lpm_ff:lpm_ff_component|                    ; 20 (20)     ; 20           ; 0           ; 0    ; 0 (0)        ; 20 (20)           ; 0 (0)            ; 0 (0)           ; 0 (0)      ; |Projeto_RST|lpm_dff2:inst22|lpm_ff:lpm_ff_component                                                                                                                                                                            ; work         ;
+----------------------------------------------------+-------------+--------------+-------------+------+--------------+-------------------+------------------+-----------------+------------+---------------------------------------------------------------------------------------------------------------------------------------------------------------------------------------------------------------------------------+--------------+
Note: For table entries with two numbers listed, the numbers in parentheses indicate the number of resources of the given type used by the specific entity alone. The numbers listed outside of parentheses indicate the total resources of the given type used by the specific entity and all of its sub-entities in the hierarchy.


Encoding Type:  One-Hot
+---------------------------------------------------------------+
; State Machine - |Projeto_RST|compfase2:inst26|fstate          ;
+---------------+---------------+---------------+---------------+
; Name          ; fstate.state3 ; fstate.state2 ; fstate.state1 ;
+---------------+---------------+---------------+---------------+
; fstate.state1 ; 0             ; 0             ; 0             ;
; fstate.state2 ; 0             ; 1             ; 1             ;
; fstate.state3 ; 1             ; 0             ; 1             ;
+---------------+---------------+---------------+---------------+


Encoding Type:  One-Hot
+------------------------------------------------------------------------------------------------------------------------------------------------------------------------+
; State Machine - |Projeto_RST|UCF:inst11|fstate                                                                                                                         ;
+-------------------+---------------+-------------+-------------+-------------------+--------------+---------------+-------------+-------------+-----------+-------------+
; Name              ; fstate.Quinze ; fstate.Nove ; fstate.Oito ; fstate.Sete_LD_CL ; fstate.Cinco ; fstate.Quatro ; fstate.Tres ; fstate.Dois ; fstate.Um ; fstate.Zero ;
+-------------------+---------------+-------------+-------------+-------------------+--------------+---------------+-------------+-------------+-----------+-------------+
; fstate.Zero       ; 0             ; 0           ; 0           ; 0                 ; 0            ; 0             ; 0           ; 0           ; 0         ; 0           ;
; fstate.Um         ; 0             ; 0           ; 0           ; 0                 ; 0            ; 0             ; 0           ; 0           ; 1         ; 1           ;
; fstate.Dois       ; 0             ; 0           ; 0           ; 0                 ; 0            ; 0             ; 0           ; 1           ; 0         ; 1           ;
; fstate.Tres       ; 0             ; 0           ; 0           ; 0                 ; 0            ; 0             ; 1           ; 0           ; 0         ; 1           ;
; fstate.Quatro     ; 0             ; 0           ; 0           ; 0                 ; 0            ; 1             ; 0           ; 0           ; 0         ; 1           ;
; fstate.Cinco      ; 0             ; 0           ; 0           ; 0                 ; 1            ; 0             ; 0           ; 0           ; 0         ; 1           ;
; fstate.Sete_LD_CL ; 0             ; 0           ; 0           ; 1                 ; 0            ; 0             ; 0           ; 0           ; 0         ; 1           ;
; fstate.Oito       ; 0             ; 0           ; 1           ; 0                 ; 0            ; 0             ; 0           ; 0           ; 0         ; 1           ;
; fstate.Nove       ; 0             ; 1           ; 0           ; 0                 ; 0            ; 0             ; 0           ; 0           ; 0         ; 1           ;
; fstate.Quinze     ; 1             ; 0           ; 0           ; 0                 ; 0            ; 0             ; 0           ; 0           ; 0         ; 1           ;
+-------------------+---------------+-------------+-------------+-------------------+--------------+---------------+-------------+-------------+-----------+-------------+


+------------------------------------------------------+
; General Register Statistics                          ;
+----------------------------------------------+-------+
; Statistic                                    ; Value ;
+----------------------------------------------+-------+
; Total registers                              ; 141   ;
; Number of registers using Synchronous Clear  ; 43    ;
; Number of registers using Synchronous Load   ; 16    ;
; Number of registers using Asynchronous Clear ; 23    ;
; Number of registers using Asynchronous Load  ; 0     ;
; Number of registers using Clock Enable       ; 0     ;
; Number of registers using Preset             ; 0     ;
+----------------------------------------------+-------+


+-----------------------------------------------------------------------------------------------+
; Source assignments for GeradorRST:inst25|lpm_counter0:inst7|lpm_counter:lpm_counter_component ;
+---------------------------+-------+------+----------------------------------------------------+
; Assignment                ; Value ; From ; To                                                 ;
+---------------------------+-------+------+----------------------------------------------------+
; SUPPRESS_DA_RULE_INTERNAL ; a101  ; -    ; -                                                  ;
; SUPPRESS_DA_RULE_INTERNAL ; s102  ; -    ; -                                                  ;
; SUPPRESS_DA_RULE_INTERNAL ; s103  ; -    ; -                                                  ;
+---------------------------+-------+------+----------------------------------------------------+


+-----------------------------------------------------------------------------+
; Source assignments for lpm_counter1:inst3|lpm_counter:lpm_counter_component ;
+---------------------------+-------+------+----------------------------------+
; Assignment                ; Value ; From ; To                               ;
+---------------------------+-------+------+----------------------------------+
; SUPPRESS_DA_RULE_INTERNAL ; a101  ; -    ; -                                ;
; SUPPRESS_DA_RULE_INTERNAL ; s102  ; -    ; -                                ;
; SUPPRESS_DA_RULE_INTERNAL ; s103  ; -    ; -                                ;
+---------------------------+-------+------+----------------------------------+


+------------------------------------------------------------------------------+
; Source assignments for lpm_counter3:inst19|lpm_counter:lpm_counter_component ;
+---------------------------+-------+------+-----------------------------------+
; Assignment                ; Value ; From ; To                                ;
+---------------------------+-------+------+-----------------------------------+
; SUPPRESS_DA_RULE_INTERNAL ; a101  ; -    ; -                                 ;
; SUPPRESS_DA_RULE_INTERNAL ; s102  ; -    ; -                                 ;
; SUPPRESS_DA_RULE_INTERNAL ; s103  ; -    ; -                                 ;
+---------------------------+-------+------+-----------------------------------+


+------------------------------------------------------------------------------+
; Source assignments for lpm_counter2:inst18|lpm_counter:lpm_counter_component ;
+---------------------------+-------+------+-----------------------------------+
; Assignment                ; Value ; From ; To                                ;
+---------------------------+-------+------+-----------------------------------+
; SUPPRESS_DA_RULE_INTERNAL ; a101  ; -    ; -                                 ;
; SUPPRESS_DA_RULE_INTERNAL ; s102  ; -    ; -                                 ;
; SUPPRESS_DA_RULE_INTERNAL ; s103  ; -    ; -                                 ;
+---------------------------+-------+------+-----------------------------------+


+------------------------------------------------------------------------------+
; Source assignments for lpm_counter4:inst20|lpm_counter:lpm_counter_component ;
+---------------------------+-------+------+-----------------------------------+
; Assignment                ; Value ; From ; To                                ;
+---------------------------+-------+------+-----------------------------------+
; SUPPRESS_DA_RULE_INTERNAL ; a101  ; -    ; -                                 ;
; SUPPRESS_DA_RULE_INTERNAL ; s102  ; -    ; -                                 ;
; SUPPRESS_DA_RULE_INTERNAL ; s103  ; -    ; -                                 ;
+---------------------------+-------+------+-----------------------------------+


+---------------------------------------------------------------------------------------------------+
; Parameter Settings for User Entity Instance: lpm_compare0:inst5|lpm_compare:lpm_compare_component ;
+------------------------+----------+---------------------------------------------------------------+
; Parameter Name         ; Value    ; Type                                                          ;
+------------------------+----------+---------------------------------------------------------------+
; lpm_width              ; 20       ; Signed Integer                                                ;
; LPM_REPRESENTATION     ; UNSIGNED ; Untyped                                                       ;
; LPM_PIPELINE           ; 0        ; Untyped                                                       ;
; CHAIN_SIZE             ; 8        ; Untyped                                                       ;
; ONE_INPUT_IS_CONSTANT  ; NO       ; Untyped                                                       ;
; CARRY_CHAIN            ; MANUAL   ; Untyped                                                       ;
; CASCADE_CHAIN          ; MANUAL   ; Untyped                                                       ;
; CARRY_CHAIN_LENGTH     ; 48       ; CARRY_CHAIN_LENGTH                                            ;
; CASCADE_CHAIN_LENGTH   ; 2        ; CASCADE_CHAIN_LENGTH                                          ;
; DEVICE_FAMILY          ; FLEX10K  ; Untyped                                                       ;
; CBXI_PARAMETER         ; NOTHING  ; Untyped                                                       ;
; AUTO_CARRY_CHAINS      ; ON       ; AUTO_CARRY                                                    ;
; IGNORE_CARRY_BUFFERS   ; OFF      ; IGNORE_CARRY                                                  ;
; AUTO_CASCADE_CHAINS    ; ON       ; AUTO_CASCADE                                                  ;
; IGNORE_CASCADE_BUFFERS ; OFF      ; IGNORE_CASCADE                                                ;
+------------------------+----------+---------------------------------------------------------------+
Note: In order to hide this table in the UI and the text report file, please set the "Show Parameter Settings Tables in Synthesis Report" option in "Analysis and Synthesis Settings -> More Settings" to "Off".


+---------------------------------------------------------------------------------------------------+
; Parameter Settings for User Entity Instance: lpm_clshift0:inst2|lpm_clshift:lpm_clshift_component ;
+----------------+-----------------+----------------------------------------------------------------+
; Parameter Name ; Value           ; Type                                                           ;
+----------------+-----------------+----------------------------------------------------------------+
; LPM_PIPELINE   ; 0               ; Untyped                                                        ;
; LPM_SHIFTTYPE  ; LOGICAL         ; Untyped                                                        ;
; LPM_WIDTH      ; 20              ; Signed Integer                                                 ;
; LPM_WIDTHDIST  ; 1               ; Signed Integer                                                 ;
; CBXI_PARAMETER ; lpm_clshift_ojc ; Untyped                                                        ;
+----------------+-----------------+----------------------------------------------------------------+
Note: In order to hide this table in the UI and the text report file, please set the "Show Parameter Settings Tables in Synthesis Report" option in "Analysis and Synthesis Settings -> More Settings" to "Off".


+-------------------------------------------------------------------------------------+
; Parameter Settings for User Entity Instance: lpm_dff0:inst6|lpm_ff:lpm_ff_component ;
+------------------------+---------+--------------------------------------------------+
; Parameter Name         ; Value   ; Type                                             ;
+------------------------+---------+--------------------------------------------------+
; LPM_WIDTH              ; 20      ; Signed Integer                                   ;
; LPM_AVALUE             ; UNUSED  ; Untyped                                          ;
; LPM_SVALUE             ; UNUSED  ; Untyped                                          ;
; LPM_FFTYPE             ; DFF     ; Untyped                                          ;
; DEVICE_FAMILY          ; FLEX10K ; Untyped                                          ;
; CBXI_PARAMETER         ; NOTHING ; Untyped                                          ;
; AUTO_CARRY_CHAINS      ; ON      ; AUTO_CARRY                                       ;
; IGNORE_CARRY_BUFFERS   ; OFF     ; IGNORE_CARRY                                     ;
; AUTO_CASCADE_CHAINS    ; ON      ; AUTO_CASCADE                                     ;
; IGNORE_CASCADE_BUFFERS ; OFF     ; IGNORE_CASCADE                                   ;
+------------------------+---------+--------------------------------------------------+
Note: In order to hide this table in the UI and the text report file, please set the "Show Parameter Settings Tables in Synthesis Report" option in "Analysis and Synthesis Settings -> More Settings" to "Off".


+---------------------------------------------------------------------------------------------------------------------+
; Parameter Settings for User Entity Instance: GeradorRST:inst25|lpm_counter0:inst7|lpm_counter:lpm_counter_component ;
+------------------------+-------------+------------------------------------------------------------------------------+
; Parameter Name         ; Value       ; Type                                                                         ;
+------------------------+-------------+------------------------------------------------------------------------------+
; AUTO_CARRY_CHAINS      ; ON          ; AUTO_CARRY                                                                   ;
; IGNORE_CARRY_BUFFERS   ; OFF         ; IGNORE_CARRY                                                                 ;
; AUTO_CASCADE_CHAINS    ; ON          ; AUTO_CASCADE                                                                 ;
; IGNORE_CASCADE_BUFFERS ; OFF         ; IGNORE_CASCADE                                                               ;
; LPM_WIDTH              ; 16          ; Signed Integer                                                               ;
; LPM_DIRECTION          ; UP          ; Untyped                                                                      ;
; LPM_MODULUS            ; 20          ; Signed Integer                                                               ;
; LPM_AVALUE             ; UNUSED      ; Untyped                                                                      ;
; LPM_SVALUE             ; UNUSED      ; Untyped                                                                      ;
; LPM_PORT_UPDOWN        ; PORT_UNUSED ; Untyped                                                                      ;
; DEVICE_FAMILY          ; FLEX10K     ; Untyped                                                                      ;
; CARRY_CHAIN            ; MANUAL      ; Untyped                                                                      ;
; CARRY_CHAIN_LENGTH     ; 48          ; CARRY_CHAIN_LENGTH                                                           ;
; NOT_GATE_PUSH_BACK     ; ON          ; NOT_GATE_PUSH_BACK                                                           ;
; CARRY_CNT_EN           ; SMART       ; Untyped                                                                      ;
; LABWIDE_SCLR           ; ON          ; Untyped                                                                      ;
; USE_NEW_VERSION        ; TRUE        ; Untyped                                                                      ;
; CBXI_PARAMETER         ; NOTHING     ; Untyped                                                                      ;
+------------------------+-------------+------------------------------------------------------------------------------+
Note: In order to hide this table in the UI and the text report file, please set the "Show Parameter Settings Tables in Synthesis Report" option in "Analysis and Synthesis Settings -> More Settings" to "Off".


+---------------------------------------------------------------------------------------------------+
; Parameter Settings for User Entity Instance: lpm_compare0:inst4|lpm_compare:lpm_compare_component ;
+------------------------+----------+---------------------------------------------------------------+
; Parameter Name         ; Value    ; Type                                                          ;
+------------------------+----------+---------------------------------------------------------------+
; lpm_width              ; 20       ; Signed Integer                                                ;
; LPM_REPRESENTATION     ; UNSIGNED ; Untyped                                                       ;
; LPM_PIPELINE           ; 0        ; Untyped                                                       ;
; CHAIN_SIZE             ; 8        ; Untyped                                                       ;
; ONE_INPUT_IS_CONSTANT  ; NO       ; Untyped                                                       ;
; CARRY_CHAIN            ; MANUAL   ; Untyped                                                       ;
; CASCADE_CHAIN          ; MANUAL   ; Untyped                                                       ;
; CARRY_CHAIN_LENGTH     ; 48       ; CARRY_CHAIN_LENGTH                                            ;
; CASCADE_CHAIN_LENGTH   ; 2        ; CASCADE_CHAIN_LENGTH                                          ;
; DEVICE_FAMILY          ; FLEX10K  ; Untyped                                                       ;
; CBXI_PARAMETER         ; NOTHING  ; Untyped                                                       ;
; AUTO_CARRY_CHAINS      ; ON       ; AUTO_CARRY                                                    ;
; IGNORE_CARRY_BUFFERS   ; OFF      ; IGNORE_CARRY                                                  ;
; AUTO_CASCADE_CHAINS    ; ON       ; AUTO_CASCADE                                                  ;
; IGNORE_CASCADE_BUFFERS ; OFF      ; IGNORE_CASCADE                                                ;
+------------------------+----------+---------------------------------------------------------------+
Note: In order to hide this table in the UI and the text report file, please set the "Show Parameter Settings Tables in Synthesis Report" option in "Analysis and Synthesis Settings -> More Settings" to "Off".


+---------------------------------------------------------------------------------------------------+
; Parameter Settings for User Entity Instance: lpm_counter1:inst3|lpm_counter:lpm_counter_component ;
+------------------------+-------------+------------------------------------------------------------+
; Parameter Name         ; Value       ; Type                                                       ;
+------------------------+-------------+------------------------------------------------------------+
; AUTO_CARRY_CHAINS      ; ON          ; AUTO_CARRY                                                 ;
; IGNORE_CARRY_BUFFERS   ; OFF         ; IGNORE_CARRY                                               ;
; AUTO_CASCADE_CHAINS    ; ON          ; AUTO_CASCADE                                               ;
; IGNORE_CASCADE_BUFFERS ; OFF         ; IGNORE_CASCADE                                             ;
; LPM_WIDTH              ; 20          ; Signed Integer                                             ;
; LPM_DIRECTION          ; UP          ; Untyped                                                    ;
; LPM_MODULUS            ; 0           ; Untyped                                                    ;
; LPM_AVALUE             ; UNUSED      ; Untyped                                                    ;
; LPM_SVALUE             ; UNUSED      ; Untyped                                                    ;
; LPM_PORT_UPDOWN        ; PORT_UNUSED ; Untyped                                                    ;
; DEVICE_FAMILY          ; FLEX10K     ; Untyped                                                    ;
; CARRY_CHAIN            ; MANUAL      ; Untyped                                                    ;
; CARRY_CHAIN_LENGTH     ; 48          ; CARRY_CHAIN_LENGTH                                         ;
; NOT_GATE_PUSH_BACK     ; ON          ; NOT_GATE_PUSH_BACK                                         ;
; CARRY_CNT_EN           ; SMART       ; Untyped                                                    ;
; LABWIDE_SCLR           ; ON          ; Untyped                                                    ;
; USE_NEW_VERSION        ; TRUE        ; Untyped                                                    ;
; CBXI_PARAMETER         ; NOTHING     ; Untyped                                                    ;
+------------------------+-------------+------------------------------------------------------------+
Note: In order to hide this table in the UI and the text report file, please set the "Show Parameter Settings Tables in Synthesis Report" option in "Analysis and Synthesis Settings -> More Settings" to "Off".


+--------------------------------------------------------------------------------------+
; Parameter Settings for User Entity Instance: lpm_dff1:inst15|lpm_ff:lpm_ff_component ;
+------------------------+---------+---------------------------------------------------+
; Parameter Name         ; Value   ; Type                                              ;
+------------------------+---------+---------------------------------------------------+
; LPM_WIDTH              ; 3       ; Signed Integer                                    ;
; LPM_AVALUE             ; UNUSED  ; Untyped                                           ;
; LPM_SVALUE             ; UNUSED  ; Untyped                                           ;
; LPM_FFTYPE             ; DFF     ; Untyped                                           ;
; DEVICE_FAMILY          ; FLEX10K ; Untyped                                           ;
; CBXI_PARAMETER         ; NOTHING ; Untyped                                           ;
; AUTO_CARRY_CHAINS      ; ON      ; AUTO_CARRY                                        ;
; IGNORE_CARRY_BUFFERS   ; OFF     ; IGNORE_CARRY                                      ;
; AUTO_CASCADE_CHAINS    ; ON      ; AUTO_CASCADE                                      ;
; IGNORE_CASCADE_BUFFERS ; OFF     ; IGNORE_CASCADE                                    ;
+------------------------+---------+---------------------------------------------------+
Note: In order to hide this table in the UI and the text report file, please set the "Show Parameter Settings Tables in Synthesis Report" option in "Analysis and Synthesis Settings -> More Settings" to "Off".


+----------------------------------------------------------------------------------------------------+
; Parameter Settings for User Entity Instance: lpm_compare1:inst23|lpm_compare:lpm_compare_component ;
+------------------------+----------+----------------------------------------------------------------+
; Parameter Name         ; Value    ; Type                                                           ;
+------------------------+----------+----------------------------------------------------------------+
; lpm_width              ; 20       ; Signed Integer                                                 ;
; LPM_REPRESENTATION     ; UNSIGNED ; Untyped                                                        ;
; LPM_PIPELINE           ; 0        ; Untyped                                                        ;
; CHAIN_SIZE             ; 8        ; Untyped                                                        ;
; ONE_INPUT_IS_CONSTANT  ; NO       ; Untyped                                                        ;
; CARRY_CHAIN            ; MANUAL   ; Untyped                                                        ;
; CASCADE_CHAIN          ; MANUAL   ; Untyped                                                        ;
; CARRY_CHAIN_LENGTH     ; 48       ; CARRY_CHAIN_LENGTH                                             ;
; CASCADE_CHAIN_LENGTH   ; 2        ; CASCADE_CHAIN_LENGTH                                           ;
; DEVICE_FAMILY          ; FLEX10K  ; Untyped                                                        ;
; CBXI_PARAMETER         ; NOTHING  ; Untyped                                                        ;
; AUTO_CARRY_CHAINS      ; ON       ; AUTO_CARRY                                                     ;
; IGNORE_CARRY_BUFFERS   ; OFF      ; IGNORE_CARRY                                                   ;
; AUTO_CASCADE_CHAINS    ; ON       ; AUTO_CASCADE                                                   ;
; IGNORE_CASCADE_BUFFERS ; OFF      ; IGNORE_CASCADE                                                 ;
+------------------------+----------+----------------------------------------------------------------+
Note: In order to hide this table in the UI and the text report file, please set the "Show Parameter Settings Tables in Synthesis Report" option in "Analysis and Synthesis Settings -> More Settings" to "Off".


+--------------------------------------------------------------------------------------+
; Parameter Settings for User Entity Instance: lpm_dff2:inst22|lpm_ff:lpm_ff_component ;
+------------------------+---------+---------------------------------------------------+
; Parameter Name         ; Value   ; Type                                              ;
+------------------------+---------+---------------------------------------------------+
; LPM_WIDTH              ; 20      ; Signed Integer                                    ;
; LPM_AVALUE             ; UNUSED  ; Untyped                                           ;
; LPM_SVALUE             ; UNUSED  ; Untyped                                           ;
; LPM_FFTYPE             ; DFF     ; Untyped                                           ;
; DEVICE_FAMILY          ; FLEX10K ; Untyped                                           ;
; CBXI_PARAMETER         ; NOTHING ; Untyped                                           ;
; AUTO_CARRY_CHAINS      ; ON      ; AUTO_CARRY                                        ;
; IGNORE_CARRY_BUFFERS   ; OFF     ; IGNORE_CARRY                                      ;
; AUTO_CASCADE_CHAINS    ; ON      ; AUTO_CASCADE                                      ;
; IGNORE_CASCADE_BUFFERS ; OFF     ; IGNORE_CASCADE                                    ;
+------------------------+---------+---------------------------------------------------+
Note: In order to hide this table in the UI and the text report file, please set the "Show Parameter Settings Tables in Synthesis Report" option in "Analysis and Synthesis Settings -> More Settings" to "Off".


+----------------------------------------------------------------------------------------------------+
; Parameter Settings for User Entity Instance: lpm_counter3:inst19|lpm_counter:lpm_counter_component ;
+------------------------+-------------+-------------------------------------------------------------+
; Parameter Name         ; Value       ; Type                                                        ;
+------------------------+-------------+-------------------------------------------------------------+
; AUTO_CARRY_CHAINS      ; ON          ; AUTO_CARRY                                                  ;
; IGNORE_CARRY_BUFFERS   ; OFF         ; IGNORE_CARRY                                                ;
; AUTO_CASCADE_CHAINS    ; ON          ; AUTO_CASCADE                                                ;
; IGNORE_CASCADE_BUFFERS ; OFF         ; IGNORE_CASCADE                                              ;
; LPM_WIDTH              ; 20          ; Signed Integer                                              ;
; LPM_DIRECTION          ; UP          ; Untyped                                                     ;
; LPM_MODULUS            ; 0           ; Untyped                                                     ;
; LPM_AVALUE             ; UNUSED      ; Untyped                                                     ;
; LPM_SVALUE             ; UNUSED      ; Untyped                                                     ;
; LPM_PORT_UPDOWN        ; PORT_UNUSED ; Untyped                                                     ;
; DEVICE_FAMILY          ; FLEX10K     ; Untyped                                                     ;
; CARRY_CHAIN            ; MANUAL      ; Untyped                                                     ;
; CARRY_CHAIN_LENGTH     ; 48          ; CARRY_CHAIN_LENGTH                                          ;
; NOT_GATE_PUSH_BACK     ; ON          ; NOT_GATE_PUSH_BACK                                          ;
; CARRY_CNT_EN           ; SMART       ; Untyped                                                     ;
; LABWIDE_SCLR           ; ON          ; Untyped                                                     ;
; USE_NEW_VERSION        ; TRUE        ; Untyped                                                     ;
; CBXI_PARAMETER         ; NOTHING     ; Untyped                                                     ;
+------------------------+-------------+-------------------------------------------------------------+
Note: In order to hide this table in the UI and the text report file, please set the "Show Parameter Settings Tables in Synthesis Report" option in "Analysis and Synthesis Settings -> More Settings" to "Off".


+----------------------------------------------------------------------------------------------------+
; Parameter Settings for User Entity Instance: lpm_counter2:inst18|lpm_counter:lpm_counter_component ;
+------------------------+-------------+-------------------------------------------------------------+
; Parameter Name         ; Value       ; Type                                                        ;
+------------------------+-------------+-------------------------------------------------------------+
; AUTO_CARRY_CHAINS      ; ON          ; AUTO_CARRY                                                  ;
; IGNORE_CARRY_BUFFERS   ; OFF         ; IGNORE_CARRY                                                ;
; AUTO_CASCADE_CHAINS    ; ON          ; AUTO_CASCADE                                                ;
; IGNORE_CASCADE_BUFFERS ; OFF         ; IGNORE_CASCADE                                              ;
; LPM_WIDTH              ; 3           ; Signed Integer                                              ;
; LPM_DIRECTION          ; UP          ; Untyped                                                     ;
; LPM_MODULUS            ; 6           ; Signed Integer                                              ;
; LPM_AVALUE             ; UNUSED      ; Untyped                                                     ;
; LPM_SVALUE             ; UNUSED      ; Untyped                                                     ;
; LPM_PORT_UPDOWN        ; PORT_UNUSED ; Untyped                                                     ;
; DEVICE_FAMILY          ; FLEX10K     ; Untyped                                                     ;
; CARRY_CHAIN            ; MANUAL      ; Untyped                                                     ;
; CARRY_CHAIN_LENGTH     ; 48          ; CARRY_CHAIN_LENGTH                                          ;
; NOT_GATE_PUSH_BACK     ; ON          ; NOT_GATE_PUSH_BACK                                          ;
; CARRY_CNT_EN           ; SMART       ; Untyped                                                     ;
; LABWIDE_SCLR           ; ON          ; Untyped                                                     ;
; USE_NEW_VERSION        ; TRUE        ; Untyped                                                     ;
; CBXI_PARAMETER         ; NOTHING     ; Untyped                                                     ;
+------------------------+-------------+-------------------------------------------------------------+
Note: In order to hide this table in the UI and the text report file, please set the "Show Parameter Settings Tables in Synthesis Report" option in "Analysis and Synthesis Settings -> More Settings" to "Off".


+----------------------------------------------------------------------------------------------------+
; Parameter Settings for User Entity Instance: lpm_counter4:inst20|lpm_counter:lpm_counter_component ;
+------------------------+-------------+-------------------------------------------------------------+
; Parameter Name         ; Value       ; Type                                                        ;
+------------------------+-------------+-------------------------------------------------------------+
; AUTO_CARRY_CHAINS      ; ON          ; AUTO_CARRY                                                  ;
; IGNORE_CARRY_BUFFERS   ; OFF         ; IGNORE_CARRY                                                ;
; AUTO_CASCADE_CHAINS    ; ON          ; AUTO_CASCADE                                                ;
; IGNORE_CASCADE_BUFFERS ; OFF         ; IGNORE_CASCADE                                              ;
; LPM_WIDTH              ; 20          ; Signed Integer                                              ;
; LPM_DIRECTION          ; UP          ; Untyped                                                     ;
; LPM_MODULUS            ; 0           ; Untyped                                                     ;
; LPM_AVALUE             ; UNUSED      ; Untyped                                                     ;
; LPM_SVALUE             ; UNUSED      ; Untyped                                                     ;
; LPM_PORT_UPDOWN        ; PORT_UNUSED ; Untyped                                                     ;
; DEVICE_FAMILY          ; FLEX10K     ; Untyped                                                     ;
; CARRY_CHAIN            ; MANUAL      ; Untyped                                                     ;
; CARRY_CHAIN_LENGTH     ; 48          ; CARRY_CHAIN_LENGTH                                          ;
; NOT_GATE_PUSH_BACK     ; ON          ; NOT_GATE_PUSH_BACK                                          ;
; CARRY_CNT_EN           ; SMART       ; Untyped                                                     ;
; LABWIDE_SCLR           ; ON          ; Untyped                                                     ;
; USE_NEW_VERSION        ; TRUE        ; Untyped                                                     ;
; CBXI_PARAMETER         ; NOTHING     ; Untyped                                                     ;
+------------------------+-------------+-------------------------------------------------------------+
Note: In order to hide this table in the UI and the text report file, please set the "Show Parameter Settings Tables in Synthesis Report" option in "Analysis and Synthesis Settings -> More Settings" to "Off".


+-------------------------------+
; Analysis & Synthesis Messages ;
+-------------------------------+
Info: *******************************************************************
Info: Running Quartus II Analysis & Synthesis
    Info: Version 9.0 Build 235 06/17/2009 Service Pack 2 SJ Web Edition
    Info: Processing started: Fri May 20 22:46:48 2016
Info: Command: quartus_map --read_settings_files=on --write_settings_files=off Projeto_RST -c Projeto_RST
Info: Found 2 design units, including 1 entities, in source file lpm_counter0.vhd
    Info: Found design unit 1: lpm_counter0-SYN
    Info: Found entity 1: lpm_counter0
Info: Found 1 design units, including 1 entities, in source file Projeto_RST.bdf
    Info: Found entity 1: Projeto_RST
Info: Found 1 design units, including 1 entities, in source file X2.bdf
    Info: Found entity 1: X2
Info: Found 2 design units, including 1 entities, in source file lpm_counter1.vhd
    Info: Found design unit 1: lpm_counter1-SYN
    Info: Found entity 1: lpm_counter1
Info: Found 2 design units, including 1 entities, in source file lpm_compare0.vhd
    Info: Found design unit 1: lpm_compare0-SYN
    Info: Found entity 1: lpm_compare0
Info: Found 2 design units, including 1 entities, in source file lpm_dff0.vhd
    Info: Found design unit 1: lpm_dff0-SYN
    Info: Found entity 1: lpm_dff0
Info: Found 1 design units, including 1 entities, in source file Med_Per_Fase_fig15.bdf
    Info: Found entity 1: Med_Per_Fase_fig15
Info: Found 2 design units, including 1 entities, in source file lpm_clshift0.vhd
    Info: Found design unit 1: lpm_clshift0-SYN
    Info: Found entity 1: lpm_clshift0
Info: Found 1 design units, including 1 entities, in source file Med_Per_Fase_fig17.bdf
    Info: Found entity 1: Med_Per_Fase_fig17
Info: Found 1 design units, including 1 entities, in source file GeradorRST.bdf
    Info: Found entity 1: GeradorRST
Info: Found 2 design units, including 1 entities, in source file compfase.vhd
    Info: Found design unit 1: compfase-BEHAVIOR
    Info: Found entity 1: compfase
Info: Found 2 design units, including 1 entities, in source file lpm_dff1.vhd
    Info: Found design unit 1: lpm_dff1-SYN
    Info: Found entity 1: lpm_dff1
Info: Found 2 design units, including 1 entities, in source file lpm_counter2.vhd
    Info: Found design unit 1: lpm_counter2-SYN
    Info: Found entity 1: lpm_counter2
Info: Found 2 design units, including 1 entities, in source file lpm_counter3.vhd
    Info: Found design unit 1: lpm_counter3-SYN
    Info: Found entity 1: lpm_counter3
Info: Found 2 design units, including 1 entities, in source file lpm_counter4.vhd
    Info: Found design unit 1: lpm_counter4-SYN
    Info: Found entity 1: lpm_counter4
Info: Found 2 design units, including 1 entities, in source file lpm_dff2.vhd
    Info: Found design unit 1: lpm_dff2-SYN
    Info: Found entity 1: lpm_dff2
Info: Found 2 design units, including 1 entities, in source file lpm_compare1.vhd
    Info: Found design unit 1: lpm_compare1-SYN
    Info: Found entity 1: lpm_compare1
Info: Found 2 design units, including 1 entities, in source file compfase2.vhd
    Info: Found design unit 1: compfase2-BEHAVIOR
    Info: Found entity 1: compfase2
Info: Found 2 design units, including 1 entities, in source file ledsaida.vhd
    Info: Found design unit 1: ledSaida-behavior
    Info: Found entity 1: ledSaida
Info: Elaborating entity "Projeto_RST" for the top level hierarchy
Info: Elaborating entity "lpm_compare0" for hierarchy "lpm_compare0:inst5"
Info: Elaborating entity "lpm_compare" for hierarchy "lpm_compare0:inst5|lpm_compare:lpm_compare_component"
Info: Elaborated megafunction instantiation "lpm_compare0:inst5|lpm_compare:lpm_compare_component"
Info: Instantiated megafunction "lpm_compare0:inst5|lpm_compare:lpm_compare_component" with the following parameter:
    Info: Parameter "lpm_representation" = "UNSIGNED"
    Info: Parameter "lpm_type" = "LPM_COMPARE"
    Info: Parameter "lpm_width" = "20"
Info: Elaborating entity "comptree" for hierarchy "lpm_compare0:inst5|lpm_compare:lpm_compare_component|comptree:comparator"
Info: Elaborated megafunction instantiation "lpm_compare0:inst5|lpm_compare:lpm_compare_component|comptree:comparator", which is child of megafunction instantiation "lpm_compare0:inst5|lpm_compare:lpm_compare_component"
Info: Elaborating entity "cmpchain" for hierarchy "lpm_compare0:inst5|lpm_compare:lpm_compare_component|comptree:comparator|cmpchain:cmp_end"
Info: Elaborated megafunction instantiation "lpm_compare0:inst5|lpm_compare:lpm_compare_component|comptree:comparator|cmpchain:cmp_end", which is child of megafunction instantiation "lpm_compare0:inst5|lpm_compare:lpm_compare_component"
Info: Elaborating entity "altshift" for hierarchy "lpm_compare0:inst5|lpm_compare:lpm_compare_component|altshift:aeb_ext_lat_ffs"
Info: Elaborated megafunction instantiation "lpm_compare0:inst5|lpm_compare:lpm_compare_component|altshift:aeb_ext_lat_ffs", which is child of megafunction instantiation "lpm_compare0:inst5|lpm_compare:lpm_compare_component"
Info: Elaborating entity "lpm_clshift0" for hierarchy "lpm_clshift0:inst2"
Info: Elaborating entity "lpm_clshift" for hierarchy "lpm_clshift0:inst2|lpm_clshift:lpm_clshift_component"
Info: Elaborated megafunction instantiation "lpm_clshift0:inst2|lpm_clshift:lpm_clshift_component"
Info: Instantiated megafunction "lpm_clshift0:inst2|lpm_clshift:lpm_clshift_component" with the following parameter:
    Info: Parameter "lpm_shifttype" = "LOGICAL"
    Info: Parameter "lpm_type" = "LPM_CLSHIFT"
    Info: Parameter "lpm_width" = "20"
    Info: Parameter "lpm_widthdist" = "1"
Info: Found 1 design units, including 1 entities, in source file db/lpm_clshift_ojc.tdf
    Info: Found entity 1: lpm_clshift_ojc
Info: Elaborating entity "lpm_clshift_ojc" for hierarchy "lpm_clshift0:inst2|lpm_clshift:lpm_clshift_component|lpm_clshift_ojc:auto_generated"
Info: Elaborating entity "lpm_dff0" for hierarchy "lpm_dff0:inst6"
Info: Elaborating entity "lpm_ff" for hierarchy "lpm_dff0:inst6|lpm_ff:lpm_ff_component"
Info: Elaborated megafunction instantiation "lpm_dff0:inst6|lpm_ff:lpm_ff_component"
Info: Instantiated megafunction "lpm_dff0:inst6|lpm_ff:lpm_ff_component" with the following parameter:
    Info: Parameter "lpm_fftype" = "DFF"
    Info: Parameter "lpm_type" = "LPM_FF"
    Info: Parameter "lpm_width" = "20"
Warning: Using design file UCF.vhd, which is not specified as a design file for the current project, but contains definitions for 2 design units and 1 entities in project
    Info: Found design unit 1: UCF-BEHAVIOR
    Info: Found entity 1: UCF
Info: Elaborating entity "UCF" for hierarchy "UCF:inst11"
Info: Elaborating entity "X2" for hierarchy "X2:inst"
Info: Elaborating entity "GeradorRST" for hierarchy "GeradorRST:inst25"
Info: Elaborating entity "lpm_counter0" for hierarchy "GeradorRST:inst25|lpm_counter0:inst7"
Info: Elaborating entity "lpm_counter" for hierarchy "GeradorRST:inst25|lpm_counter0:inst7|lpm_counter:lpm_counter_component"
Info: Elaborated megafunction instantiation "GeradorRST:inst25|lpm_counter0:inst7|lpm_counter:lpm_counter_component"
Info: Instantiated megafunction "GeradorRST:inst25|lpm_counter0:inst7|lpm_counter:lpm_counter_component" with the following parameter:
    Info: Parameter "lpm_direction" = "UP"
    Info: Parameter "lpm_modulus" = "20"
    Info: Parameter "lpm_port_updown" = "PORT_UNUSED"
    Info: Parameter "lpm_type" = "LPM_COUNTER"
    Info: Parameter "lpm_width" = "16"
Info: Elaborating entity "alt_counter_f10ke" for hierarchy "GeradorRST:inst25|lpm_counter0:inst7|lpm_counter:lpm_counter_component|alt_counter_f10ke:wysi_counter"
Info: Elaborated megafunction instantiation "GeradorRST:inst25|lpm_counter0:inst7|lpm_counter:lpm_counter_component|alt_counter_f10ke:wysi_counter", which is child of megafunction instantiation "GeradorRST:inst25|lpm_counter0:inst7|lpm_counter:lpm_counter_component"
Info: Elaborating entity "lpm_constant" for hierarchy "GeradorRST:inst25|lpm_counter0:inst7|lpm_counter:lpm_counter_component|alt_counter_f10ke:wysi_counter|lpm_constant:$00021"
Info: Elaborated megafunction instantiation "GeradorRST:inst25|lpm_counter0:inst7|lpm_counter:lpm_counter_component|alt_counter_f10ke:wysi_counter|lpm_constant:$00021", which is child of megafunction instantiation "GeradorRST:inst25|lpm_counter0:inst7|lpm_counter:lpm_counter_component"
Info: Elaborating entity "lpm_compare" for hierarchy "GeradorRST:inst25|lpm_counter0:inst7|lpm_counter:lpm_counter_component|alt_counter_f10ke:wysi_counter|lpm_compare:$00023"
Info: Elaborated megafunction instantiation "GeradorRST:inst25|lpm_counter0:inst7|lpm_counter:lpm_counter_component|alt_counter_f10ke:wysi_counter|lpm_compare:$00023", which is child of megafunction instantiation "GeradorRST:inst25|lpm_counter0:inst7|lpm_counter:lpm_counter_component"
Info: Elaborating entity "comptree" for hierarchy "GeradorRST:inst25|lpm_counter0:inst7|lpm_counter:lpm_counter_component|alt_counter_f10ke:wysi_counter|lpm_compare:$00023|comptree:comparator"
Info: Elaborated megafunction instantiation "GeradorRST:inst25|lpm_counter0:inst7|lpm_counter:lpm_counter_component|alt_counter_f10ke:wysi_counter|lpm_compare:$00023|comptree:comparator", which is child of megafunction instantiation "GeradorRST:inst25|lpm_counter0:inst7|lpm_counter:lpm_counter_component"
Info: Elaborating entity "cmpchain" for hierarchy "GeradorRST:inst25|lpm_counter0:inst7|lpm_counter:lpm_counter_component|alt_counter_f10ke:wysi_counter|lpm_compare:$00023|comptree:comparator|cmpchain:cmp_end"
Info: Elaborated megafunction instantiation "GeradorRST:inst25|lpm_counter0:inst7|lpm_counter:lpm_counter_component|alt_counter_f10ke:wysi_counter|lpm_compare:$00023|comptree:comparator|cmpchain:cmp_end", which is child of megafunction instantiation "GeradorRST:inst25|lpm_counter0:inst7|lpm_counter:lpm_counter_component"
Info: Elaborating entity "comptree" for hierarchy "GeradorRST:inst25|lpm_counter0:inst7|lpm_counter:lpm_counter_component|alt_counter_f10ke:wysi_counter|lpm_compare:$00023|comptree:comparator|cmpchain:cmp_end|comptree:comp"
Info: Elaborated megafunction instantiation "GeradorRST:inst25|lpm_counter0:inst7|lpm_counter:lpm_counter_component|alt_counter_f10ke:wysi_counter|lpm_compare:$00023|comptree:comparator|cmpchain:cmp_end|comptree:comp", which is child of megafunction instantiation "GeradorRST:inst25|lpm_counter0:inst7|lpm_counter:lpm_counter_component"
Info: Elaborating entity "cmpchain" for hierarchy "GeradorRST:inst25|lpm_counter0:inst7|lpm_counter:lpm_counter_component|alt_counter_f10ke:wysi_counter|lpm_compare:$00023|comptree:comparator|cmpchain:cmp_end|comptree:comp|cmpchain:cmp[3]"
Info: Elaborated megafunction instantiation "GeradorRST:inst25|lpm_counter0:inst7|lpm_counter:lpm_counter_component|alt_counter_f10ke:wysi_counter|lpm_compare:$00023|comptree:comparator|cmpchain:cmp_end|comptree:comp|cmpchain:cmp[3]", which is child of megafunction instantiation "GeradorRST:inst25|lpm_counter0:inst7|lpm_counter:lpm_counter_component"
Info: Elaborating entity "comptree" for hierarchy "GeradorRST:inst25|lpm_counter0:inst7|lpm_counter:lpm_counter_component|alt_counter_f10ke:wysi_counter|lpm_compare:$00023|comptree:comparator|cmpchain:cmp_end|comptree:comp|comptree:sub_comptree"
Info: Elaborated megafunction instantiation "GeradorRST:inst25|lpm_counter0:inst7|lpm_counter:lpm_counter_component|alt_counter_f10ke:wysi_counter|lpm_compare:$00023|comptree:comparator|cmpchain:cmp_end|comptree:comp|comptree:sub_comptree", which is child of megafunction instantiation "GeradorRST:inst25|lpm_counter0:inst7|lpm_counter:lpm_counter_component"
Info: Elaborating entity "lpm_counter1" for hierarchy "lpm_counter1:inst3"
Info: Elaborating entity "lpm_counter" for hierarchy "lpm_counter1:inst3|lpm_counter:lpm_counter_component"
Info: Elaborated megafunction instantiation "lpm_counter1:inst3|lpm_counter:lpm_counter_component"
Info: Instantiated megafunction "lpm_counter1:inst3|lpm_counter:lpm_counter_component" with the following parameter:
    Info: Parameter "lpm_direction" = "UP"
    Info: Parameter "lpm_port_updown" = "PORT_UNUSED"
    Info: Parameter "lpm_type" = "LPM_COUNTER"
    Info: Parameter "lpm_width" = "20"
Info: Elaborating entity "alt_counter_f10ke" for hierarchy "lpm_counter1:inst3|lpm_counter:lpm_counter_component|alt_counter_f10ke:wysi_counter"
Info: Elaborated megafunction instantiation "lpm_counter1:inst3|lpm_counter:lpm_counter_component|alt_counter_f10ke:wysi_counter", which is child of megafunction instantiation "lpm_counter1:inst3|lpm_counter:lpm_counter_component"
Info: Elaborating entity "lpm_dff1" for hierarchy "lpm_dff1:inst15"
Info: Elaborating entity "lpm_ff" for hierarchy "lpm_dff1:inst15|lpm_ff:lpm_ff_component"
Info: Elaborated megafunction instantiation "lpm_dff1:inst15|lpm_ff:lpm_ff_component"
Info: Instantiated megafunction "lpm_dff1:inst15|lpm_ff:lpm_ff_component" with the following parameter:
    Info: Parameter "lpm_fftype" = "DFF"
    Info: Parameter "lpm_type" = "LPM_FF"
    Info: Parameter "lpm_width" = "3"
Info: Elaborating entity "ledSaida" for hierarchy "ledSaida:inst27"
Info: Elaborating entity "compfase2" for hierarchy "compfase2:inst26"
Info: Elaborating entity "lpm_compare1" for hierarchy "lpm_compare1:inst23"
Info: Elaborating entity "lpm_dff2" for hierarchy "lpm_dff2:inst22"
Info: Elaborating entity "lpm_counter3" for hierarchy "lpm_counter3:inst19"
Info: Elaborating entity "lpm_counter" for hierarchy "lpm_counter3:inst19|lpm_counter:lpm_counter_component"
Info: Elaborated megafunction instantiation "lpm_counter3:inst19|lpm_counter:lpm_counter_component"
Info: Instantiated megafunction "lpm_counter3:inst19|lpm_counter:lpm_counter_component" with the following parameter:
    Info: Parameter "lpm_direction" = "UP"
    Info: Parameter "lpm_port_updown" = "PORT_UNUSED"
    Info: Parameter "lpm_type" = "LPM_COUNTER"
    Info: Parameter "lpm_width" = "20"
Info: Elaborating entity "alt_counter_f10ke" for hierarchy "lpm_counter3:inst19|lpm_counter:lpm_counter_component|alt_counter_f10ke:wysi_counter"
Info: Elaborated megafunction instantiation "lpm_counter3:inst19|lpm_counter:lpm_counter_component|alt_counter_f10ke:wysi_counter", which is child of megafunction instantiation "lpm_counter3:inst19|lpm_counter:lpm_counter_component"
Info: Elaborating entity "lpm_counter2" for hierarchy "lpm_counter2:inst18"
Info: Elaborating entity "lpm_counter" for hierarchy "lpm_counter2:inst18|lpm_counter:lpm_counter_component"
Info: Elaborated megafunction instantiation "lpm_counter2:inst18|lpm_counter:lpm_counter_component"
Info: Instantiated megafunction "lpm_counter2:inst18|lpm_counter:lpm_counter_component" with the following parameter:
    Info: Parameter "lpm_direction" = "UP"
    Info: Parameter "lpm_modulus" = "6"
    Info: Parameter "lpm_port_updown" = "PORT_UNUSED"
    Info: Parameter "lpm_type" = "LPM_COUNTER"
    Info: Parameter "lpm_width" = "3"
Info: Elaborating entity "alt_counter_f10ke" for hierarchy "lpm_counter2:inst18|lpm_counter:lpm_counter_component|alt_counter_f10ke:wysi_counter"
Info: Elaborated megafunction instantiation "lpm_counter2:inst18|lpm_counter:lpm_counter_component|alt_counter_f10ke:wysi_counter", which is child of megafunction instantiation "lpm_counter2:inst18|lpm_counter:lpm_counter_component"
Info: Elaborating entity "lpm_constant" for hierarchy "lpm_counter2:inst18|lpm_counter:lpm_counter_component|alt_counter_f10ke:wysi_counter|lpm_constant:$00008"
Info: Elaborated megafunction instantiation "lpm_counter2:inst18|lpm_counter:lpm_counter_component|alt_counter_f10ke:wysi_counter|lpm_constant:$00008", which is child of megafunction instantiation "lpm_counter2:inst18|lpm_counter:lpm_counter_component"
Info: Elaborating entity "lpm_compare" for hierarchy "lpm_counter2:inst18|lpm_counter:lpm_counter_component|alt_counter_f10ke:wysi_counter|lpm_compare:$00010"
Info: Elaborated megafunction instantiation "lpm_counter2:inst18|lpm_counter:lpm_counter_component|alt_counter_f10ke:wysi_counter|lpm_compare:$00010", which is child of megafunction instantiation "lpm_counter2:inst18|lpm_counter:lpm_counter_component"
Info: Elaborating entity "comptree" for hierarchy "lpm_counter2:inst18|lpm_counter:lpm_counter_component|alt_counter_f10ke:wysi_counter|lpm_compare:$00010|comptree:comparator"
Info: Elaborated megafunction instantiation "lpm_counter2:inst18|lpm_counter:lpm_counter_component|alt_counter_f10ke:wysi_counter|lpm_compare:$00010|comptree:comparator", which is child of megafunction instantiation "lpm_counter2:inst18|lpm_counter:lpm_counter_component"
Info: Elaborating entity "cmpchain" for hierarchy "lpm_counter2:inst18|lpm_counter:lpm_counter_component|alt_counter_f10ke:wysi_counter|lpm_compare:$00010|comptree:comparator|cmpchain:cmp_end"
Info: Elaborated megafunction instantiation "lpm_counter2:inst18|lpm_counter:lpm_counter_component|alt_counter_f10ke:wysi_counter|lpm_compare:$00010|comptree:comparator|cmpchain:cmp_end", which is child of megafunction instantiation "lpm_counter2:inst18|lpm_counter:lpm_counter_component"
Info: Elaborating entity "lpm_counter4" for hierarchy "lpm_counter4:inst20"
Info: Converted 57 single input CARRY primitives to CARRY_SUM primitives
Info: Implemented 252 device resources after synthesis - the final resource count might be different
    Info: Implemented 4 input pins
    Info: Implemented 28 output pins
    Info: Implemented 220 logic cells
Info: Quartus II Analysis & Synthesis was successful. 0 errors, 1 warning
    Info: Peak virtual memory: 264 megabytes
    Info: Processing ended: Fri May 20 22:46:50 2016
    Info: Elapsed time: 00:00:02
    Info: Total CPU time (on all processors): 00:00:02


